<?xml version="1.0" encoding="UTF-8"?>
<testsuites name="Biome" tests="1544" failures="1544" errors="388" time="0.415">
    <testsuite name="src/crypto/Bls12381/G1/G1.test.ts" tests="1" disabled="0" errors="0" failures="1" package="org.biome">
        <testcase name="org.biome.lint.complexity.noExcessiveCognitiveComplexity" line="430" column="30">
            <failure message="Excessive complexity of 16 detected (max: 15).">line 429, col 29, Excessive complexity of 16 detected (max: 15).</failure>
        </testcase>
    </testsuite>
    <testsuite name="src/crypto/EIP712/EIP712.js" tests="1" disabled="0" errors="0" failures="1" package="org.biome">
        <testcase name="org.biome.lint.style.useConst" line="46" column="1">
            <failure message="This let declares a variable that is only assigned once.">line 45, col 0, This let declares a variable that is only assigned once.</failure>
        </testcase>
    </testsuite>
    <testsuite name="src/crypto/EIP712/encodeValue.js" tests="1" disabled="0" errors="0" failures="1" package="org.biome">
        <testcase name="org.biome.lint.complexity.noExcessiveCognitiveComplexity" line="27" column="18">
            <failure message="Excessive complexity of 36 detected (max: 15).">line 26, col 17, Excessive complexity of 36 detected (max: 15).</failure>
        </testcase>
    </testsuite>
    <testsuite name="src/crypto/Bls12381/G2/G2.test.ts" tests="1" disabled="0" errors="0" failures="1" package="org.biome">
        <testcase name="org.biome.lint.complexity.noExcessiveCognitiveComplexity" line="386" column="30">
            <failure message="Excessive complexity of 16 detected (max: 15).">line 385, col 29, Excessive complexity of 16 detected (max: 15).</failure>
        </testcase>
    </testsuite>
    <testsuite name="src/crypto/KZG/computeBlobKzgProof.js" tests="1" disabled="0" errors="0" failures="1" package="org.biome">
        <testcase name="org.biome.lint.complexity.noExcessiveCognitiveComplexity" line="31" column="18">
            <failure message="Excessive complexity of 22 detected (max: 15).">line 30, col 17, Excessive complexity of 22 detected (max: 15).</failure>
        </testcase>
    </testsuite>
    <testsuite name="src/crypto/KZG/computeKzgProof.js" tests="1" disabled="0" errors="0" failures="1" package="org.biome">
        <testcase name="org.biome.lint.complexity.noExcessiveCognitiveComplexity" line="23" column="18">
            <failure message="Excessive complexity of 22 detected (max: 15).">line 22, col 17, Excessive complexity of 22 detected (max: 15).</failure>
        </testcase>
    </testsuite>
    <testsuite name="src/crypto/KZG/verifyBlobKzgProof.js" tests="1" disabled="0" errors="0" failures="1" package="org.biome">
        <testcase name="org.biome.lint.complexity.noExcessiveCognitiveComplexity" line="25" column="18">
            <failure message="Excessive complexity of 19 detected (max: 15).">line 24, col 17, Excessive complexity of 19 detected (max: 15).</failure>
        </testcase>
    </testsuite>
    <testsuite name="src/crypto/KZG/verifyKzgProof.js" tests="1" disabled="0" errors="0" failures="1" package="org.biome">
        <testcase name="org.biome.lint.complexity.noExcessiveCognitiveComplexity" line="26" column="18">
            <failure message="Excessive complexity of 62 detected (max: 15).">line 25, col 17, Excessive complexity of 62 detected (max: 15).</failure>
        </testcase>
    </testsuite>
    <testsuite name="src/crypto/Keccak256/constants.test.ts" tests="1" disabled="0" errors="0" failures="1" package="org.biome">
        <testcase name="org.biome.lint.suspicious.noImportAssign" line="128" column="5">
            <failure message="The imported variable DIGEST_SIZE is read-only">line 127, col 4, The imported variable DIGEST_SIZE is read-only</failure>
        </testcase>
    </testsuite>
    <testsuite name="src/crypto/Keccak256/constants.test.ts" tests="1" disabled="0" errors="0" failures="1" package="org.biome">
        <testcase name="org.biome.lint.suspicious.noImportAssign" line="135" column="5">
            <failure message="The imported variable RATE is read-only">line 134, col 4, The imported variable RATE is read-only</failure>
        </testcase>
    </testsuite>
    <testsuite name="src/crypto/Keccak256/constants.test.ts" tests="1" disabled="0" errors="0" failures="1" package="org.biome">
        <testcase name="org.biome.lint.suspicious.noImportAssign" line="142" column="5">
            <failure message="The imported variable STATE_SIZE is read-only">line 141, col 4, The imported variable STATE_SIZE is read-only</failure>
        </testcase>
    </testsuite>
    <testsuite name="src/crypto/Keccak256/from.test.ts" tests="1" disabled="0" errors="0" failures="1" package="org.biome">
        <testcase name="org.biome.lint.suspicious.noExplicitAny" line="87" column="29">
            <failure message="Unexpected any. Specify a different type.">line 86, col 28, Unexpected any. Specify a different type.</failure>
        </testcase>
    </testsuite>
    <testsuite name="src/crypto/Keccak256/from.test.ts" tests="1" disabled="0" errors="0" failures="1" package="org.biome">
        <testcase name="org.biome.lint.suspicious.noExplicitAny" line="88" column="30">
            <failure message="Unexpected any. Specify a different type.">line 87, col 29, Unexpected any. Specify a different type.</failure>
        </testcase>
    </testsuite>
    <testsuite name="src/crypto/Keccak256/from.test.ts" tests="1" disabled="0" errors="0" failures="1" package="org.biome">
        <testcase name="org.biome.lint.suspicious.noExplicitAny" line="89" column="35">
            <failure message="Unexpected any. Specify a different type.">line 88, col 34, Unexpected any. Specify a different type.</failure>
        </testcase>
    </testsuite>
    <testsuite name="src/crypto/Keccak256/from.test.ts" tests="1" disabled="0" errors="0" failures="1" package="org.biome">
        <testcase name="org.biome.lint.suspicious.noExplicitAny" line="90" column="28">
            <failure message="Unexpected any. Specify a different type.">line 89, col 27, Unexpected any. Specify a different type.</failure>
        </testcase>
    </testsuite>
    <testsuite name="src/crypto/Keccak256/from.test.ts" tests="1" disabled="0" errors="0" failures="1" package="org.biome">
        <testcase name="org.biome.lint.suspicious.noExplicitAny" line="91" column="28">
            <failure message="Unexpected any. Specify a different type.">line 90, col 27, Unexpected any. Specify a different type.</failure>
        </testcase>
    </testsuite>
    <testsuite name="src/crypto/HDWallet/HDWallet.test.ts" tests="1" disabled="0" errors="0" failures="1" package="org.biome">
        <testcase name="org.biome.lint.suspicious.noExplicitAny" line="313" column="51">
            <failure message="Unexpected any. Specify a different type.">line 312, col 50, Unexpected any. Specify a different type.</failure>
        </testcase>
    </testsuite>
    <testsuite name="src/crypto/Keccak256/index.test.ts" tests="1" disabled="0" errors="0" failures="1" package="org.biome">
        <testcase name="org.biome.lint.suspicious.noExplicitAny" line="203" column="38">
            <failure message="Unexpected any. Specify a different type.">line 202, col 37, Unexpected any. Specify a different type.</failure>
        </testcase>
    </testsuite>
    <testsuite name="src/crypto/Keccak256/index.test.ts" tests="1" disabled="0" errors="0" failures="1" package="org.biome">
        <testcase name="org.biome.lint.suspicious.noExplicitAny" line="212" column="38">
            <failure message="Unexpected any. Specify a different type.">line 211, col 37, Unexpected any. Specify a different type.</failure>
        </testcase>
    </testsuite>
    <testsuite name="src/crypto/KZG/KZG.test.ts" tests="1" disabled="0" errors="0" failures="1" package="org.biome">
        <testcase name="org.biome.lint.style.noNonNullAssertion" line="91" column="34">
            <failure message="Forbidden non-null assertion.">line 90, col 33, Forbidden non-null assertion.</failure>
        </testcase>
    </testsuite>
    <testsuite name="src/crypto/KZG/KZG.test.ts" tests="1" disabled="0" errors="0" failures="1" package="org.biome">
        <testcase name="org.biome.lint.suspicious.noExplicitAny" line="235" column="41">
            <failure message="Unexpected any. Specify a different type.">line 234, col 40, Unexpected any. Specify a different type.</failure>
        </testcase>
    </testsuite>
    <testsuite name="src/crypto/KZG/KZG.test.ts" tests="1" disabled="0" errors="0" failures="1" package="org.biome">
        <testcase name="org.biome.lint.suspicious.noExplicitAny" line="236" column="43">
            <failure message="Unexpected any. Specify a different type.">line 235, col 42, Unexpected any. Specify a different type.</failure>
        </testcase>
    </testsuite>
    <testsuite name="src/crypto/KZG/KZG.test.ts" tests="1" disabled="0" errors="0" failures="1" package="org.biome">
        <testcase name="org.biome.lint.suspicious.noExplicitAny" line="382" column="55">
            <failure message="Unexpected any. Specify a different type.">line 381, col 54, Unexpected any. Specify a different type.</failure>
        </testcase>
    </testsuite>
    <testsuite name="src/crypto/KZG/KZG.test.ts" tests="1" disabled="0" errors="0" failures="1" package="org.biome">
        <testcase name="org.biome.lint.suspicious.noExplicitAny" line="385" column="60">
            <failure message="Unexpected any. Specify a different type.">line 384, col 59, Unexpected any. Specify a different type.</failure>
        </testcase>
    </testsuite>
    <testsuite name="src/crypto/KZG/KZG.test.ts" tests="1" disabled="0" errors="0" failures="1" package="org.biome">
        <testcase name="org.biome.lint.suspicious.noExplicitAny" line="630" column="52">
            <failure message="Unexpected any. Specify a different type.">line 629, col 51, Unexpected any. Specify a different type.</failure>
        </testcase>
    </testsuite>
    <testsuite name="src/crypto/KZG/KZG.test.ts" tests="1" disabled="0" errors="0" failures="1" package="org.biome">
        <testcase name="org.biome.lint.suspicious.noExplicitAny" line="641" column="44">
            <failure message="Unexpected any. Specify a different type.">line 640, col 43, Unexpected any. Specify a different type.</failure>
        </testcase>
    </testsuite>
    <testsuite name="src/crypto/KZG/KZG.test.ts" tests="1" disabled="0" errors="0" failures="1" package="org.biome">
        <testcase name="org.biome.lint.suspicious.noExplicitAny" line="650" column="42">
            <failure message="Unexpected any. Specify a different type.">line 649, col 41, Unexpected any. Specify a different type.</failure>
        </testcase>
    </testsuite>
    <testsuite name="src/crypto/KZG/KZG.test.ts" tests="1" disabled="0" errors="0" failures="1" package="org.biome">
        <testcase name="org.biome.lint.suspicious.noExplicitAny" line="660" column="60">
            <failure message="Unexpected any. Specify a different type.">line 659, col 59, Unexpected any. Specify a different type.</failure>
        </testcase>
    </testsuite>
    <testsuite name="src/crypto/KZG/KZG.test.ts" tests="1" disabled="0" errors="0" failures="1" package="org.biome">
        <testcase name="org.biome.lint.suspicious.noExplicitAny" line="685" column="47">
            <failure message="Unexpected any. Specify a different type.">line 684, col 46, Unexpected any. Specify a different type.</failure>
        </testcase>
    </testsuite>
    <testsuite name="src/crypto/KZG/KZG.test.ts" tests="1" disabled="0" errors="0" failures="1" package="org.biome">
        <testcase name="org.biome.lint.suspicious.noExplicitAny" line="693" column="64">
            <failure message="Unexpected any. Specify a different type.">line 692, col 63, Unexpected any. Specify a different type.</failure>
        </testcase>
    </testsuite>
    <testsuite name="src/crypto/KZG/KZG.test.ts" tests="1" disabled="0" errors="0" failures="1" package="org.biome">
        <testcase name="org.biome.lint.suspicious.noExplicitAny" line="749" column="29">
            <failure message="Unexpected any. Specify a different type.">line 748, col 28, Unexpected any. Specify a different type.</failure>
        </testcase>
    </testsuite>
    <testsuite name="src/crypto/Keystore/Keystore.test.ts" tests="1" disabled="0" errors="0" failures="1" package="org.biome">
        <testcase name="org.biome.lint.suspicious.noExplicitAny" line="275" column="41">
            <failure message="Unexpected any. Specify a different type.">line 274, col 40, Unexpected any. Specify a different type.</failure>
        </testcase>
    </testsuite>
    <testsuite name="src/crypto/Keystore/Keystore.test.ts" tests="1" disabled="0" errors="0" failures="1" package="org.biome">
        <testcase name="org.biome.lint.suspicious.noExplicitAny" line="287" column="24">
            <failure message="Unexpected any. Specify a different type.">line 286, col 23, Unexpected any. Specify a different type.</failure>
        </testcase>
    </testsuite>
    <testsuite name="src/crypto/Keystore/Keystore.test.ts" tests="1" disabled="0" errors="0" failures="1" package="org.biome">
        <testcase name="org.biome.lint.suspicious.noExplicitAny" line="288" column="23">
            <failure message="Unexpected any. Specify a different type.">line 287, col 22, Unexpected any. Specify a different type.</failure>
        </testcase>
    </testsuite>
    <testsuite name="src/crypto/P256/P256.test.ts" tests="1" disabled="0" errors="0" failures="1" package="org.biome">
        <testcase name="org.biome.lint.suspicious.noExplicitAny" line="471" column="57">
            <failure message="Unexpected any. Specify a different type.">line 470, col 56, Unexpected any. Specify a different type.</failure>
        </testcase>
    </testsuite>
    <testsuite name="src/crypto/P256/P256.test.ts" tests="1" disabled="0" errors="0" failures="1" package="org.biome">
        <testcase name="org.biome.lint.complexity.noExcessiveCognitiveComplexity" line="665" column="42">
            <failure message="Excessive complexity of 19 detected (max: 15).">line 664, col 41, Excessive complexity of 19 detected (max: 15).</failure>
        </testcase>
    </testsuite>
    <testsuite name="src/crypto/Secp256k1/PublicKey/from.test.ts" tests="1" disabled="0" errors="0" failures="1" package="org.biome">
        <testcase name="org.biome.lint.style.noInferrableTypes" line="35" column="34">
            <failure message="This type annotation is trivially inferred from its initialization.">line 34, col 33, This type annotation is trivially inferred from its initialization.</failure>
        </testcase>
    </testsuite>
    <testsuite name="src/crypto/Secp256k1/addPoints.test.ts" tests="1" disabled="0" errors="0" failures="1" package="org.biome">
        <testcase name="org.biome.lint.style.noNonNullAssertion" line="104" column="37">
            <failure message="Forbidden non-null assertion.">line 103, col 36, Forbidden non-null assertion.</failure>
        </testcase>
    </testsuite>
    <testsuite name="src/crypto/Secp256k1/addPoints.test.ts" tests="1" disabled="0" errors="0" failures="1" package="org.biome">
        <testcase name="org.biome.lint.style.noNonNullAssertion" line="104" column="50">
            <failure message="Forbidden non-null assertion.">line 103, col 49, Forbidden non-null assertion.</failure>
        </testcase>
    </testsuite>
    <testsuite name="src/crypto/Secp256k1/Signature/Signature.test.ts" tests="1" disabled="0" errors="0" failures="1" package="org.biome">
        <testcase name="org.biome.lint.suspicious.noExplicitAny" line="58" column="64">
            <failure message="Unexpected any. Specify a different type.">line 57, col 63, Unexpected any. Specify a different type.</failure>
        </testcase>
    </testsuite>
    <testsuite name="src/crypto/Secp256k1/Signature/Signature.test.ts" tests="1" disabled="0" errors="0" failures="1" package="org.biome">
        <testcase name="org.biome.lint.suspicious.noExplicitAny" line="128" column="64">
            <failure message="Unexpected any. Specify a different type.">line 127, col 63, Unexpected any. Specify a different type.</failure>
        </testcase>
    </testsuite>
    <testsuite name="src/crypto/Secp256k1/Signature/Signature.test.ts" tests="1" disabled="0" errors="0" failures="1" package="org.biome">
        <testcase name="org.biome.lint.suspicious.noExplicitAny" line="191" column="64">
            <failure message="Unexpected any. Specify a different type.">line 190, col 63, Unexpected any. Specify a different type.</failure>
        </testcase>
    </testsuite>
    <testsuite name="src/crypto/Secp256k1/Signature/Signature.test.ts" tests="1" disabled="0" errors="0" failures="1" package="org.biome">
        <testcase name="org.biome.lint.suspicious.noExplicitAny" line="261" column="64">
            <failure message="Unexpected any. Specify a different type.">line 260, col 63, Unexpected any. Specify a different type.</failure>
        </testcase>
    </testsuite>
    <testsuite name="src/crypto/Secp256k1/Signature/Signature.test.ts" tests="1" disabled="0" errors="0" failures="1" package="org.biome">
        <testcase name="org.biome.lint.suspicious.noExplicitAny" line="306" column="9">
            <failure message="Unexpected any. Specify a different type.">line 305, col 8, Unexpected any. Specify a different type.</failure>
        </testcase>
    </testsuite>
    <testsuite name="src/crypto/Secp256k1/isValidSignature.test.ts" tests="1" disabled="0" errors="0" failures="1" package="org.biome">
        <testcase name="org.biome.lint.suspicious.noExplicitAny" line="13" column="64">
            <failure message="Unexpected any. Specify a different type.">line 12, col 63, Unexpected any. Specify a different type.</failure>
        </testcase>
    </testsuite>
    <testsuite name="src/crypto/Secp256k1/isValidSignature.test.ts" tests="1" disabled="0" errors="0" failures="1" package="org.biome">
        <testcase name="org.biome.lint.suspicious.noExplicitAny" line="26" column="49">
            <failure message="Unexpected any. Specify a different type.">line 25, col 48, Unexpected any. Specify a different type.</failure>
        </testcase>
    </testsuite>
    <testsuite name="src/crypto/Secp256k1/isValidSignature.test.ts" tests="1" disabled="0" errors="0" failures="1" package="org.biome">
        <testcase name="org.biome.lint.suspicious.noExplicitAny" line="27" column="49">
            <failure message="Unexpected any. Specify a different type.">line 26, col 48, Unexpected any. Specify a different type.</failure>
        </testcase>
    </testsuite>
    <testsuite name="src/crypto/Secp256k1/isValidSignature.test.ts" tests="1" disabled="0" errors="0" failures="1" package="org.biome">
        <testcase name="org.biome.lint.suspicious.noExplicitAny" line="28" column="49">
            <failure message="Unexpected any. Specify a different type.">line 27, col 48, Unexpected any. Specify a different type.</failure>
        </testcase>
    </testsuite>
    <testsuite name="src/crypto/Secp256k1/isValidSignature.test.ts" tests="1" disabled="0" errors="0" failures="1" package="org.biome">
        <testcase name="org.biome.lint.suspicious.noExplicitAny" line="43" column="70">
            <failure message="Unexpected any. Specify a different type.">line 42, col 69, Unexpected any. Specify a different type.</failure>
        </testcase>
    </testsuite>
    <testsuite name="src/crypto/Secp256k1/isValidSignature.test.ts" tests="1" disabled="0" errors="0" failures="1" package="org.biome">
        <testcase name="org.biome.lint.suspicious.noExplicitAny" line="390" column="73">
            <failure message="Unexpected any. Specify a different type.">line 389, col 72, Unexpected any. Specify a different type.</failure>
        </testcase>
    </testsuite>
    <testsuite name="src/wasm-loader/loader.d.ts" tests="1" disabled="0" errors="0" failures="1" package="org.biome">
        <testcase name="org.biome.lint.suspicious.noExplicitAny" line="44" column="31">
            <failure message="Unexpected any. Specify a different type.">line 43, col 30, Unexpected any. Specify a different type.</failure>
        </testcase>
    </testsuite>
    <testsuite name="src/crypto/Secp256k1/verify.test.ts" tests="1" disabled="0" errors="0" failures="1" package="org.biome">
        <testcase name="org.biome.lint.style.noNonNullAssertion" line="109" column="4">
            <failure message="Forbidden non-null assertion.">line 108, col 3, Forbidden non-null assertion.</failure>
        </testcase>
    </testsuite>
    <testsuite name="src/crypto/Secp256k1/verify.test.ts" tests="1" disabled="0" errors="0" failures="1" package="org.biome">
        <testcase name="org.biome.lint.style.noNonNullAssertion" line="131" column="4">
            <failure message="Forbidden non-null assertion.">line 130, col 3, Forbidden non-null assertion.</failure>
        </testcase>
    </testsuite>
    <testsuite name="src/crypto/Secp256k1/verify.test.ts" tests="1" disabled="0" errors="0" failures="1" package="org.biome">
        <testcase name="org.biome.lint.suspicious.noExplicitAny" line="159" column="41">
            <failure message="Unexpected any. Specify a different type.">line 158, col 40, Unexpected any. Specify a different type.</failure>
        </testcase>
    </testsuite>
    <testsuite name="src/crypto/Secp256k1/verify.test.ts" tests="1" disabled="0" errors="0" failures="1" package="org.biome">
        <testcase name="org.biome.lint.suspicious.noExplicitAny" line="178" column="41">
            <failure message="Unexpected any. Specify a different type.">line 177, col 40, Unexpected any. Specify a different type.</failure>
        </testcase>
    </testsuite>
    <testsuite name="src/crypto/bn254/G1/G1.test.ts" tests="1" disabled="0" errors="0" failures="1" package="org.biome">
        <testcase name="org.biome.lint.style.noNonNullAssertion" line="441" column="22">
            <failure message="Forbidden non-null assertion.">line 440, col 21, Forbidden non-null assertion.</failure>
        </testcase>
    </testsuite>
    <testsuite name="src/crypto/bn254/G1/G1.test.ts" tests="1" disabled="0" errors="0" failures="1" package="org.biome">
        <testcase name="org.biome.lint.style.noNonNullAssertion" line="441" column="37">
            <failure message="Forbidden non-null assertion.">line 440, col 36, Forbidden non-null assertion.</failure>
        </testcase>
    </testsuite>
    <testsuite name="src/crypto/bn254.bench.ts" tests="1" disabled="0" errors="0" failures="1" package="org.biome">
        <testcase name="org.biome.lint.suspicious.noExplicitAny" line="343" column="21">
            <failure message="Unexpected any. Specify a different type.">line 342, col 20, Unexpected any. Specify a different type.</failure>
        </testcase>
    </testsuite>
    <testsuite name="src/crypto/eip712.bench.ts" tests="1" disabled="0" errors="0" failures="1" package="org.biome">
        <testcase name="org.biome.lint.suspicious.noExplicitAny" line="314" column="40">
            <failure message="Unexpected any. Specify a different type.">line 313, col 39, Unexpected any. Specify a different type.</failure>
        </testcase>
    </testsuite>
    <testsuite name="src/crypto/eip712.bench.ts" tests="1" disabled="0" errors="0" failures="1" package="org.biome">
        <testcase name="org.biome.lint.suspicious.noExplicitAny" line="315" column="16">
            <failure message="Unexpected any. Specify a different type.">line 314, col 15, Unexpected any. Specify a different type.</failure>
        </testcase>
    </testsuite>
    <testsuite name="src/crypto/eip712.bench.ts" tests="1" disabled="0" errors="0" failures="1" package="org.biome">
        <testcase name="org.biome.lint.suspicious.noExplicitAny" line="315" column="40">
            <failure message="Unexpected any. Specify a different type.">line 314, col 39, Unexpected any. Specify a different type.</failure>
        </testcase>
    </testsuite>
    <testsuite name="src/wallet/hardware/hardware.test.ts" tests="1" disabled="0" errors="0" failures="1" package="org.biome">
        <testcase name="org.biome.lint.suspicious.noExplicitAny" line="82" column="67">
            <failure message="Unexpected any. Specify a different type.">line 81, col 66, Unexpected any. Specify a different type.</failure>
        </testcase>
    </testsuite>
    <testsuite name="src/wallet/hardware/hardware.test.ts" tests="1" disabled="0" errors="0" failures="1" package="org.biome">
        <testcase name="org.biome.lint.suspicious.noExplicitAny" line="87" column="36">
            <failure message="Unexpected any. Specify a different type.">line 86, col 35, Unexpected any. Specify a different type.</failure>
        </testcase>
    </testsuite>
    <testsuite name="src/wallet/hardware/hardware.test.ts" tests="1" disabled="0" errors="0" failures="1" package="org.biome">
        <testcase name="org.biome.lint.suspicious.noExplicitAny" line="122" column="31">
            <failure message="Unexpected any. Specify a different type.">line 121, col 30, Unexpected any. Specify a different type.</failure>
        </testcase>
    </testsuite>
    <testsuite name="src/wallet/hardware/hardware.test.ts" tests="1" disabled="0" errors="0" failures="1" package="org.biome">
        <testcase name="org.biome.lint.suspicious.noExplicitAny" line="131" column="15">
            <failure message="Unexpected any. Specify a different type.">line 130, col 14, Unexpected any. Specify a different type.</failure>
        </testcase>
    </testsuite>
    <testsuite name="src/wallet/hardware/hardware.test.ts" tests="1" disabled="0" errors="0" failures="1" package="org.biome">
        <testcase name="org.biome.lint.suspicious.noExplicitAny" line="169" column="15">
            <failure message="Unexpected any. Specify a different type.">line 168, col 14, Unexpected any. Specify a different type.</failure>
        </testcase>
    </testsuite>
    <testsuite name="src/crypto/eip712.wasm.ts" tests="1" disabled="0" errors="0" failures="1" package="org.biome">
        <testcase name="org.biome.lint.suspicious.noExplicitAny" line="137" column="19">
            <failure message="Unexpected any. Specify a different type.">line 136, col 18, Unexpected any. Specify a different type.</failure>
        </testcase>
    </testsuite>
    <testsuite name="src/crypto/eip712.wasm.ts" tests="1" disabled="0" errors="0" failures="1" package="org.biome">
        <testcase name="org.biome.lint.complexity.noExcessiveCognitiveComplexity" line="168" column="18">
            <failure message="Excessive complexity of 24 detected (max: 15).">line 167, col 17, Excessive complexity of 24 detected (max: 15).</failure>
        </testcase>
    </testsuite>
    <testsuite name="src/crypto/hdwallet.test.ts" tests="1" disabled="0" errors="0" failures="1" package="org.biome">
        <testcase name="org.biome.lint.style.useConst" line="9" column="2">
            <failure message="This let declares a variable that is only assigned once.">line 8, col 1, This let declares a variable that is only assigned once.</failure>
        </testcase>
    </testsuite>
    <testsuite name="src/crypto/hdwallet.test.ts" tests="1" disabled="0" errors="0" failures="1" package="org.biome">
        <testcase name="org.biome.lint.style.useConst" line="10" column="2">
            <failure message="This let declares a variable that is only assigned once.">line 9, col 1, This let declares a variable that is only assigned once.</failure>
        </testcase>
    </testsuite>
    <testsuite name="src/crypto/kzg.test.ts" tests="1" disabled="0" errors="0" failures="1" package="org.biome">
        <testcase name="org.biome.lint.suspicious.noExplicitAny" line="79" column="39">
            <failure message="Unexpected any. Specify a different type.">line 78, col 38, Unexpected any. Specify a different type.</failure>
        </testcase>
    </testsuite>
    <testsuite name="src/crypto/kzg.test.ts" tests="1" disabled="0" errors="0" failures="1" package="org.biome">
        <testcase name="org.biome.lint.style.noNonNullAssertion" line="276" column="3">
            <failure message="Forbidden non-null assertion.">line 275, col 2, Forbidden non-null assertion.</failure>
        </testcase>
    </testsuite>
    <testsuite name="src/crypto/kzg.test.ts" tests="1" disabled="0" errors="0" failures="1" package="org.biome">
        <testcase name="org.biome.lint.style.noNonNullAssertion" line="301" column="3">
            <failure message="Forbidden non-null assertion.">line 300, col 2, Forbidden non-null assertion.</failure>
        </testcase>
    </testsuite>
    <testsuite name="src/crypto/kzg.test.ts" tests="1" disabled="0" errors="0" failures="1" package="org.biome">
        <testcase name="org.biome.lint.style.noNonNullAssertion" line="335" column="17">
            <failure message="Forbidden non-null assertion.">line 334, col 16, Forbidden non-null assertion.</failure>
        </testcase>
    </testsuite>
    <testsuite name="src/crypto/kzg.test.ts" tests="1" disabled="0" errors="0" failures="1" package="org.biome">
        <testcase name="org.biome.lint.style.noNonNullAssertion" line="367" column="35">
            <failure message="Forbidden non-null assertion.">line 366, col 34, Forbidden non-null assertion.</failure>
        </testcase>
    </testsuite>
    <testsuite name="src/crypto/kzg.test.ts" tests="1" disabled="0" errors="0" failures="1" package="org.biome">
        <testcase name="org.biome.lint.style.noNonNullAssertion" line="375" column="39">
            <failure message="Forbidden non-null assertion.">line 374, col 38, Forbidden non-null assertion.</failure>
        </testcase>
    </testsuite>
    <testsuite name="src/crypto/kzg.test.ts" tests="1" disabled="0" errors="0" failures="1" package="org.biome">
        <testcase name="org.biome.lint.style.noNonNullAssertion" line="376" column="29">
            <failure message="Forbidden non-null assertion.">line 375, col 28, Forbidden non-null assertion.</failure>
        </testcase>
    </testsuite>
    <testsuite name="src/crypto/keccak256.wasm.test.ts" tests="1" disabled="0" errors="0" failures="1" package="org.biome">
        <testcase name="org.biome.lint.suspicious.noExplicitAny" line="98" column="30">
            <failure message="Unexpected any. Specify a different type.">line 97, col 29, Unexpected any. Specify a different type.</failure>
        </testcase>
    </testsuite>
    <testsuite name="src/crypto/keccak256.wasm.test.ts" tests="1" disabled="0" errors="0" failures="1" package="org.biome">
        <testcase name="org.biome.lint.suspicious.noExplicitAny" line="862" column="45">
            <failure message="Unexpected any. Specify a different type.">line 861, col 44, Unexpected any. Specify a different type.</failure>
        </testcase>
    </testsuite>
    <testsuite name="src/crypto/keccak256.wasm.test.ts" tests="1" disabled="0" errors="0" failures="1" package="org.biome">
        <testcase name="org.biome.lint.suspicious.noExplicitAny" line="882" column="45">
            <failure message="Unexpected any. Specify a different type.">line 881, col 44, Unexpected any. Specify a different type.</failure>
        </testcase>
    </testsuite>
    <testsuite name="src/crypto/keccak256.wasm.test.ts" tests="1" disabled="0" errors="0" failures="1" package="org.biome">
        <testcase name="org.biome.lint.suspicious.noExplicitAny" line="906" column="45">
            <failure message="Unexpected any. Specify a different type.">line 905, col 44, Unexpected any. Specify a different type.</failure>
        </testcase>
    </testsuite>
    <testsuite name="src/crypto/keccak256.wasm.test.ts" tests="1" disabled="0" errors="0" failures="1" package="org.biome">
        <testcase name="org.biome.lint.suspicious.noExplicitAny" line="924" column="47">
            <failure message="Unexpected any. Specify a different type.">line 923, col 46, Unexpected any. Specify a different type.</failure>
        </testcase>
    </testsuite>
    <testsuite name="src/crypto/keccak256.wasm.test.ts" tests="1" disabled="0" errors="0" failures="1" package="org.biome">
        <testcase name="org.biome.lint.suspicious.noExplicitAny" line="938" column="45">
            <failure message="Unexpected any. Specify a different type.">line 937, col 44, Unexpected any. Specify a different type.</failure>
        </testcase>
    </testsuite>
    <testsuite name="src/crypto/p256.wasm.test.ts" tests="1" disabled="0" errors="0" failures="1" package="org.biome">
        <testcase name="org.biome.lint.style.noNonNullAssertion" line="418" column="35">
            <failure message="Forbidden non-null assertion.">line 417, col 34, Forbidden non-null assertion.</failure>
        </testcase>
    </testsuite>
    <testsuite name="src/crypto/p256.wasm.test.ts" tests="1" disabled="0" errors="0" failures="1" package="org.biome">
        <testcase name="org.biome.lint.style.noNonNullAssertion" line="418" column="45">
            <failure message="Forbidden non-null assertion.">line 417, col 44, Forbidden non-null assertion.</failure>
        </testcase>
    </testsuite>
    <testsuite name="src/crypto/p256.wasm.test.ts" tests="1" disabled="0" errors="0" failures="1" package="org.biome">
        <testcase name="org.biome.lint.style.noNonNullAssertion" line="419" column="35">
            <failure message="Forbidden non-null assertion.">line 418, col 34, Forbidden non-null assertion.</failure>
        </testcase>
    </testsuite>
    <testsuite name="src/crypto/p256.wasm.test.ts" tests="1" disabled="0" errors="0" failures="1" package="org.biome">
        <testcase name="org.biome.lint.style.noNonNullAssertion" line="419" column="49">
            <failure message="Forbidden non-null assertion.">line 418, col 48, Forbidden non-null assertion.</failure>
        </testcase>
    </testsuite>
    <testsuite name="src/crypto/sha256.bench.ts" tests="1" disabled="0" errors="0" failures="1" package="org.biome">
        <testcase name="org.biome.lint.suspicious.noExplicitAny" line="32" column="64">
            <failure message="Unexpected any. Specify a different type.">line 31, col 63, Unexpected any. Specify a different type.</failure>
        </testcase>
    </testsuite>
    <testsuite name="src/crypto/sha256.bench.ts" tests="1" disabled="0" errors="0" failures="1" package="org.biome">
        <testcase name="org.biome.lint.suspicious.noExplicitAny" line="176" column="40">
            <failure message="Unexpected any. Specify a different type.">line 175, col 39, Unexpected any. Specify a different type.</failure>
        </testcase>
    </testsuite>
    <testsuite name="src/crypto/sha256.bench.ts" tests="1" disabled="0" errors="0" failures="1" package="org.biome">
        <testcase name="org.biome.lint.suspicious.noExplicitAny" line="178" column="17">
            <failure message="Unexpected any. Specify a different type.">line 177, col 16, Unexpected any. Specify a different type.</failure>
        </testcase>
    </testsuite>
    <testsuite name="src/crypto/sha256.bench.ts" tests="1" disabled="0" errors="0" failures="1" package="org.biome">
        <testcase name="org.biome.lint.suspicious.noExplicitAny" line="178" column="41">
            <failure message="Unexpected any. Specify a different type.">line 177, col 40, Unexpected any. Specify a different type.</failure>
        </testcase>
    </testsuite>
    <testsuite name="src/crypto/signers/utils.ts" tests="1" disabled="0" errors="0" failures="1" package="org.biome">
        <testcase name="org.biome.lint.suspicious.noExplicitAny" line="53" column="16">
            <failure message="Unexpected any. Specify a different type.">line 52, col 15, Unexpected any. Specify a different type.</failure>
        </testcase>
    </testsuite>
    <testsuite name="src/crypto/signers/private-key-signer.ts" tests="1" disabled="0" errors="0" failures="1" package="org.biome">
        <testcase name="org.biome.lint.suspicious.noExplicitAny" line="37" column="31">
            <failure message="Unexpected any. Specify a different type.">line 36, col 30, Unexpected any. Specify a different type.</failure>
        </testcase>
    </testsuite>
    <testsuite name="src/crypto/signers/private-key-signer.ts" tests="1" disabled="0" errors="0" failures="1" package="org.biome">
        <testcase name="org.biome.lint.suspicious.noExplicitAny" line="37" column="45">
            <failure message="Unexpected any. Specify a different type.">line 36, col 44, Unexpected any. Specify a different type.</failure>
        </testcase>
    </testsuite>
    <testsuite name="src/crypto/signers/private-key-signer.ts" tests="1" disabled="0" errors="0" failures="1" package="org.biome">
        <testcase name="org.biome.lint.suspicious.noExplicitAny" line="39" column="27">
            <failure message="Unexpected any. Specify a different type.">line 38, col 26, Unexpected any. Specify a different type.</failure>
        </testcase>
    </testsuite>
    <testsuite name="src/crypto/signers/private-key-signer.ts" tests="1" disabled="0" errors="0" failures="1" package="org.biome">
        <testcase name="org.biome.lint.suspicious.noExplicitAny" line="233" column="37">
            <failure message="Unexpected any. Specify a different type.">line 232, col 36, Unexpected any. Specify a different type.</failure>
        </testcase>
    </testsuite>
    <testsuite name="src/crypto/signers/private-key-signer.ts" tests="1" disabled="0" errors="0" failures="1" package="org.biome">
        <testcase name="org.biome.lint.suspicious.noExplicitAny" line="233" column="51">
            <failure message="Unexpected any. Specify a different type.">line 232, col 50, Unexpected any. Specify a different type.</failure>
        </testcase>
    </testsuite>
    <testsuite name="src/crypto/signers/private-key-signer.ts" tests="1" disabled="0" errors="0" failures="1" package="org.biome">
        <testcase name="org.biome.lint.suspicious.noExplicitAny" line="298" column="33">
            <failure message="Unexpected any. Specify a different type.">line 297, col 32, Unexpected any. Specify a different type.</failure>
        </testcase>
    </testsuite>
    <testsuite name="src/crypto/signers/private-key-signer.ts" tests="1" disabled="0" errors="0" failures="1" package="org.biome">
        <testcase name="org.biome.lint.style.useConst" line="250" column="3">
            <failure message="This let declares a variable that is only assigned once.">line 249, col 2, This let declares a variable that is only assigned once.</failure>
        </testcase>
    </testsuite>
    <testsuite name="src/crypto/secp256k1.test.ts" tests="1" disabled="0" errors="0" failures="1" package="org.biome">
        <testcase name="org.biome.lint.style.noNonNullAssertion" line="193" column="5">
            <failure message="Forbidden non-null assertion.">line 192, col 4, Forbidden non-null assertion.</failure>
        </testcase>
    </testsuite>
    <testsuite name="src/crypto/secp256k1.test.ts" tests="1" disabled="0" errors="0" failures="1" package="org.biome">
        <testcase name="org.biome.lint.style.noNonNullAssertion" line="215" column="5">
            <failure message="Forbidden non-null assertion.">line 214, col 4, Forbidden non-null assertion.</failure>
        </testcase>
    </testsuite>
    <testsuite name="src/crypto/wallet-integration.test.ts" tests="1" disabled="0" errors="0" failures="1" package="org.biome">
        <testcase name="org.biome.lint.style.noNonNullAssertion" line="143" column="5">
            <failure message="Forbidden non-null assertion.">line 142, col 4, Forbidden non-null assertion.</failure>
        </testcase>
    </testsuite>
    <testsuite name="src/crypto/wallet-integration.test.ts" tests="1" disabled="0" errors="0" failures="1" package="org.biome">
        <testcase name="org.biome.lint.style.noNonNullAssertion" line="174" column="46">
            <failure message="Forbidden non-null assertion.">line 173, col 45, Forbidden non-null assertion.</failure>
        </testcase>
    </testsuite>
    <testsuite name="src/crypto/wallet-integration.test.ts" tests="1" disabled="0" errors="0" failures="1" package="org.biome">
        <testcase name="org.biome.lint.style.noNonNullAssertion" line="208" column="44">
            <failure message="Forbidden non-null assertion.">line 207, col 43, Forbidden non-null assertion.</failure>
        </testcase>
    </testsuite>
    <testsuite name="src/crypto/wallet-integration.test.ts" tests="1" disabled="0" errors="0" failures="1" package="org.biome">
        <testcase name="org.biome.lint.style.noNonNullAssertion" line="209" column="44">
            <failure message="Forbidden non-null assertion.">line 208, col 43, Forbidden non-null assertion.</failure>
        </testcase>
    </testsuite>
    <testsuite name="src/evm/arithmetic/0x01_ADD.test.ts" tests="1" disabled="0" errors="0" failures="1" package="org.biome">
        <testcase name="org.biome.lint.suspicious.noExplicitAny" line="17" column="33">
            <failure message="Unexpected any. Specify a different type.">line 16, col 32, Unexpected any. Specify a different type.</failure>
        </testcase>
    </testsuite>
    <testsuite name="src/evm/arithmetic/0x01_ADD.test.ts" tests="1" disabled="0" errors="0" failures="1" package="org.biome">
        <testcase name="org.biome.lint.suspicious.noExplicitAny" line="18" column="34">
            <failure message="Unexpected any. Specify a different type.">line 17, col 33, Unexpected any. Specify a different type.</failure>
        </testcase>
    </testsuite>
    <testsuite name="src/wallet/hardware/TrezorWallet.ts" tests="1" disabled="0" errors="0" failures="1" package="org.biome">
        <testcase name="org.biome.lint.suspicious.noExplicitAny" line="42" column="26">
            <failure message="Unexpected any. Specify a different type.">line 41, col 25, Unexpected any. Specify a different type.</failure>
        </testcase>
    </testsuite>
    <testsuite name="src/wallet/hardware/TrezorWallet.ts" tests="1" disabled="0" errors="0" failures="1" package="org.biome">
        <testcase name="org.biome.lint.suspicious.noExplicitAny" line="111" column="36">
            <failure message="Unexpected any. Specify a different type.">line 110, col 35, Unexpected any. Specify a different type.</failure>
        </testcase>
    </testsuite>
    <testsuite name="src/wallet/hardware/TrezorWallet.ts" tests="1" disabled="0" errors="0" failures="1" package="org.biome">
        <testcase name="org.biome.lint.suspicious.noExplicitAny" line="127" column="19">
            <failure message="Unexpected any. Specify a different type.">line 126, col 18, Unexpected any. Specify a different type.</failure>
        </testcase>
    </testsuite>
    <testsuite name="src/evm/arithmetic/0x02_MUL.test.ts" tests="1" disabled="0" errors="0" failures="1" package="org.biome">
        <testcase name="org.biome.lint.suspicious.noExplicitAny" line="14" column="33">
            <failure message="Unexpected any. Specify a different type.">line 13, col 32, Unexpected any. Specify a different type.</failure>
        </testcase>
    </testsuite>
    <testsuite name="src/evm/arithmetic/0x02_MUL.test.ts" tests="1" disabled="0" errors="0" failures="1" package="org.biome">
        <testcase name="org.biome.lint.suspicious.noExplicitAny" line="15" column="34">
            <failure message="Unexpected any. Specify a different type.">line 14, col 33, Unexpected any. Specify a different type.</failure>
        </testcase>
    </testsuite>
    <testsuite name="src/evm/arithmetic/0x09_MULMOD.test.ts" tests="1" disabled="0" errors="0" failures="1" package="org.biome">
        <testcase name="org.biome.lint.suspicious.noExplicitAny" line="14" column="33">
            <failure message="Unexpected any. Specify a different type.">line 13, col 32, Unexpected any. Specify a different type.</failure>
        </testcase>
    </testsuite>
    <testsuite name="src/evm/arithmetic/0x09_MULMOD.test.ts" tests="1" disabled="0" errors="0" failures="1" package="org.biome">
        <testcase name="org.biome.lint.suspicious.noExplicitAny" line="15" column="34">
            <failure message="Unexpected any. Specify a different type.">line 14, col 33, Unexpected any. Specify a different type.</failure>
        </testcase>
    </testsuite>
    <testsuite name="src/evm/arithmetic/0x0a_EXP.test.ts" tests="1" disabled="0" errors="0" failures="1" package="org.biome">
        <testcase name="org.biome.lint.suspicious.noExplicitAny" line="14" column="33">
            <failure message="Unexpected any. Specify a different type.">line 13, col 32, Unexpected any. Specify a different type.</failure>
        </testcase>
    </testsuite>
    <testsuite name="src/evm/arithmetic/0x0a_EXP.test.ts" tests="1" disabled="0" errors="0" failures="1" package="org.biome">
        <testcase name="org.biome.lint.suspicious.noExplicitAny" line="15" column="34">
            <failure message="Unexpected any. Specify a different type.">line 14, col 33, Unexpected any. Specify a different type.</failure>
        </testcase>
    </testsuite>
    <testsuite name="src/wallet/hardware/LedgerWallet.ts" tests="1" disabled="0" errors="0" failures="1" package="org.biome">
        <testcase name="org.biome.lint.suspicious.noExplicitAny" line="31" column="22">
            <failure message="Unexpected any. Specify a different type.">line 30, col 21, Unexpected any. Specify a different type.</failure>
        </testcase>
    </testsuite>
    <testsuite name="src/wallet/hardware/LedgerWallet.ts" tests="1" disabled="0" errors="0" failures="1" package="org.biome">
        <testcase name="org.biome.lint.suspicious.noExplicitAny" line="32" column="16">
            <failure message="Unexpected any. Specify a different type.">line 31, col 15, Unexpected any. Specify a different type.</failure>
        </testcase>
    </testsuite>
    <testsuite name="src/evm/arithmetic/0x0b_SIGNEXTEND.test.ts" tests="1" disabled="0" errors="0" failures="1" package="org.biome">
        <testcase name="org.biome.lint.suspicious.noExplicitAny" line="14" column="33">
            <failure message="Unexpected any. Specify a different type.">line 13, col 32, Unexpected any. Specify a different type.</failure>
        </testcase>
    </testsuite>
    <testsuite name="src/evm/arithmetic/0x0b_SIGNEXTEND.test.ts" tests="1" disabled="0" errors="0" failures="1" package="org.biome">
        <testcase name="org.biome.lint.suspicious.noExplicitAny" line="15" column="34">
            <failure message="Unexpected any. Specify a different type.">line 14, col 33, Unexpected any. Specify a different type.</failure>
        </testcase>
    </testsuite>
    <testsuite name="src/wallet/hardware/HardwareWallet.ts" tests="1" disabled="0" errors="0" failures="1" package="org.biome">
        <testcase name="org.biome.lint.suspicious.noExplicitAny" line="21" column="26">
            <failure message="Unexpected any. Specify a different type.">line 20, col 25, Unexpected any. Specify a different type.</failure>
        </testcase>
    </testsuite>
    <testsuite name="src/evm/comparison/0x11_GT.test.ts" tests="1" disabled="0" errors="0" failures="1" package="org.biome">
        <testcase name="org.biome.lint.suspicious.noExplicitAny" line="17" column="33">
            <failure message="Unexpected any. Specify a different type.">line 16, col 32, Unexpected any. Specify a different type.</failure>
        </testcase>
    </testsuite>
    <testsuite name="src/evm/comparison/0x11_GT.test.ts" tests="1" disabled="0" errors="0" failures="1" package="org.biome">
        <testcase name="org.biome.lint.suspicious.noExplicitAny" line="18" column="34">
            <failure message="Unexpected any. Specify a different type.">line 17, col 33, Unexpected any. Specify a different type.</failure>
        </testcase>
    </testsuite>
    <testsuite name="src/evm/comparison/0x10_LT.test.ts" tests="1" disabled="0" errors="0" failures="1" package="org.biome">
        <testcase name="org.biome.lint.suspicious.noExplicitAny" line="17" column="33">
            <failure message="Unexpected any. Specify a different type.">line 16, col 32, Unexpected any. Specify a different type.</failure>
        </testcase>
    </testsuite>
    <testsuite name="src/evm/comparison/0x10_LT.test.ts" tests="1" disabled="0" errors="0" failures="1" package="org.biome">
        <testcase name="org.biome.lint.suspicious.noExplicitAny" line="18" column="34">
            <failure message="Unexpected any. Specify a different type.">line 17, col 33, Unexpected any. Specify a different type.</failure>
        </testcase>
    </testsuite>
    <testsuite name="src/evm/comparison/0x12_SLT.test.ts" tests="1" disabled="0" errors="0" failures="1" package="org.biome">
        <testcase name="org.biome.lint.suspicious.noExplicitAny" line="17" column="33">
            <failure message="Unexpected any. Specify a different type.">line 16, col 32, Unexpected any. Specify a different type.</failure>
        </testcase>
    </testsuite>
    <testsuite name="src/evm/comparison/0x12_SLT.test.ts" tests="1" disabled="0" errors="0" failures="1" package="org.biome">
        <testcase name="org.biome.lint.suspicious.noExplicitAny" line="18" column="34">
            <failure message="Unexpected any. Specify a different type.">line 17, col 33, Unexpected any. Specify a different type.</failure>
        </testcase>
    </testsuite>
    <testsuite name="src/evm/comparison/0x14_EQ.test.ts" tests="1" disabled="0" errors="0" failures="1" package="org.biome">
        <testcase name="org.biome.lint.suspicious.noExplicitAny" line="17" column="33">
            <failure message="Unexpected any. Specify a different type.">line 16, col 32, Unexpected any. Specify a different type.</failure>
        </testcase>
    </testsuite>
    <testsuite name="src/evm/comparison/0x14_EQ.test.ts" tests="1" disabled="0" errors="0" failures="1" package="org.biome">
        <testcase name="org.biome.lint.suspicious.noExplicitAny" line="18" column="34">
            <failure message="Unexpected any. Specify a different type.">line 17, col 33, Unexpected any. Specify a different type.</failure>
        </testcase>
    </testsuite>
    <testsuite name="src/evm/context/0x30_ADDRESS.test.ts" tests="1" disabled="0" errors="0" failures="1" package="org.biome">
        <testcase name="org.biome.lint.suspicious.noExplicitAny" line="19" column="33">
            <failure message="Unexpected any. Specify a different type.">line 18, col 32, Unexpected any. Specify a different type.</failure>
        </testcase>
    </testsuite>
    <testsuite name="src/evm/context/0x30_ADDRESS.test.ts" tests="1" disabled="0" errors="0" failures="1" package="org.biome">
        <testcase name="org.biome.lint.suspicious.noExplicitAny" line="20" column="23">
            <failure message="Unexpected any. Specify a different type.">line 19, col 22, Unexpected any. Specify a different type.</failure>
        </testcase>
    </testsuite>
    <testsuite name="src/evm/context/0x35_CALLDATALOAD.js" tests="1" disabled="0" errors="0" failures="1" package="org.biome">
        <testcase name="org.biome.lint.complexity.noExcessiveCognitiveComplexity" line="31" column="17">
            <failure message="Excessive complexity of 16 detected (max: 15).">line 30, col 16, Excessive complexity of 16 detected (max: 15).</failure>
        </testcase>
    </testsuite>
    <testsuite name="src/evm/context/0x35_CALLDATALOAD.test.ts" tests="1" disabled="0" errors="0" failures="1" package="org.biome">
        <testcase name="org.biome.lint.suspicious.noExplicitAny" line="18" column="33">
            <failure message="Unexpected any. Specify a different type.">line 17, col 32, Unexpected any. Specify a different type.</failure>
        </testcase>
    </testsuite>
    <testsuite name="src/evm/context/0x35_CALLDATALOAD.test.ts" tests="1" disabled="0" errors="0" failures="1" package="org.biome">
        <testcase name="org.biome.lint.suspicious.noExplicitAny" line="19" column="34">
            <failure message="Unexpected any. Specify a different type.">line 18, col 33, Unexpected any. Specify a different type.</failure>
        </testcase>
    </testsuite>
    <testsuite name="src/evm/context/0x37_CALLDATACOPY.test.ts" tests="1" disabled="0" errors="0" failures="1" package="org.biome">
        <testcase name="org.biome.lint.suspicious.noExplicitAny" line="19" column="33">
            <failure message="Unexpected any. Specify a different type.">line 18, col 32, Unexpected any. Specify a different type.</failure>
        </testcase>
    </testsuite>
    <testsuite name="src/evm/context/0x37_CALLDATACOPY.test.ts" tests="1" disabled="0" errors="0" failures="1" package="org.biome">
        <testcase name="org.biome.lint.suspicious.noExplicitAny" line="20" column="34">
            <failure message="Unexpected any. Specify a different type.">line 19, col 33, Unexpected any. Specify a different type.</failure>
        </testcase>
    </testsuite>
    <testsuite name="src/evm/comparison/0x13_SGT.test.ts" tests="1" disabled="0" errors="0" failures="1" package="org.biome">
        <testcase name="org.biome.lint.suspicious.noExplicitAny" line="17" column="33">
            <failure message="Unexpected any. Specify a different type.">line 16, col 32, Unexpected any. Specify a different type.</failure>
        </testcase>
    </testsuite>
    <testsuite name="src/evm/comparison/0x13_SGT.test.ts" tests="1" disabled="0" errors="0" failures="1" package="org.biome">
        <testcase name="org.biome.lint.suspicious.noExplicitAny" line="18" column="34">
            <failure message="Unexpected any. Specify a different type.">line 17, col 33, Unexpected any. Specify a different type.</failure>
        </testcase>
    </testsuite>
    <testsuite name="src/evm/comparison/0x15_ISZERO.test.ts" tests="1" disabled="0" errors="0" failures="1" package="org.biome">
        <testcase name="org.biome.lint.suspicious.noExplicitAny" line="17" column="33">
            <failure message="Unexpected any. Specify a different type.">line 16, col 32, Unexpected any. Specify a different type.</failure>
        </testcase>
    </testsuite>
    <testsuite name="src/evm/comparison/0x15_ISZERO.test.ts" tests="1" disabled="0" errors="0" failures="1" package="org.biome">
        <testcase name="org.biome.lint.suspicious.noExplicitAny" line="18" column="34">
            <failure message="Unexpected any. Specify a different type.">line 17, col 33, Unexpected any. Specify a different type.</failure>
        </testcase>
    </testsuite>
    <testsuite name="src/evm/keccak/0x20_SHA3.js" tests="1" disabled="0" errors="0" failures="1" package="org.biome">
        <testcase name="org.biome.lint.complexity.noExcessiveCognitiveComplexity" line="24" column="17">
            <failure message="Excessive complexity of 17 detected (max: 15).">line 23, col 16, Excessive complexity of 17 detected (max: 15).</failure>
        </testcase>
    </testsuite>
    <testsuite name="src/evm/memory/0x5e_MCOPY.js" tests="1" disabled="0" errors="0" failures="1" package="org.biome">
        <testcase name="org.biome.lint.complexity.noExcessiveCognitiveComplexity" line="40" column="17">
            <failure message="Excessive complexity of 19 detected (max: 15).">line 39, col 16, Excessive complexity of 19 detected (max: 15).</failure>
        </testcase>
    </testsuite>
    <testsuite name="src/evm/precompiles/blake2f.bench.ts" tests="1" disabled="0" errors="0" failures="1" package="org.biome">
        <testcase name="org.biome.lint.suspicious.noExplicitAny" line="174" column="40">
            <failure message="Unexpected any. Specify a different type.">line 173, col 39, Unexpected any. Specify a different type.</failure>
        </testcase>
    </testsuite>
    <testsuite name="src/evm/precompiles/blake2f.bench.ts" tests="1" disabled="0" errors="0" failures="1" package="org.biome">
        <testcase name="org.biome.lint.suspicious.noExplicitAny" line="176" column="17">
            <failure message="Unexpected any. Specify a different type.">line 175, col 16, Unexpected any. Specify a different type.</failure>
        </testcase>
    </testsuite>
    <testsuite name="src/evm/precompiles/blake2f.bench.ts" tests="1" disabled="0" errors="0" failures="1" package="org.biome">
        <testcase name="org.biome.lint.suspicious.noExplicitAny" line="176" column="41">
            <failure message="Unexpected any. Specify a different type.">line 175, col 40, Unexpected any. Specify a different type.</failure>
        </testcase>
    </testsuite>
    <testsuite name="src/evm/log/0xa4_LOG4.js" tests="1" disabled="0" errors="0" failures="1" package="org.biome">
        <testcase name="org.biome.lint.complexity.noExcessiveCognitiveComplexity" line="23" column="17">
            <failure message="Excessive complexity of 17 detected (max: 15).">line 22, col 16, Excessive complexity of 17 detected (max: 15).</failure>
        </testcase>
    </testsuite>
    <testsuite name="src/evm/log/0xa3_LOG3.js" tests="1" disabled="0" errors="0" failures="1" package="org.biome">
        <testcase name="org.biome.lint.complexity.noExcessiveCognitiveComplexity" line="23" column="17">
            <failure message="Excessive complexity of 16 detected (max: 15).">line 22, col 16, Excessive complexity of 16 detected (max: 15).</failure>
        </testcase>
    </testsuite>
    <testsuite name="src/evm/precompiles/ecrecover.bench.ts" tests="1" disabled="0" errors="0" failures="1" package="org.biome">
        <testcase name="org.biome.lint.suspicious.noExplicitAny" line="209" column="40">
            <failure message="Unexpected any. Specify a different type.">line 208, col 39, Unexpected any. Specify a different type.</failure>
        </testcase>
    </testsuite>
    <testsuite name="src/evm/precompiles/ecrecover.bench.ts" tests="1" disabled="0" errors="0" failures="1" package="org.biome">
        <testcase name="org.biome.lint.suspicious.noExplicitAny" line="211" column="17">
            <failure message="Unexpected any. Specify a different type.">line 210, col 16, Unexpected any. Specify a different type.</failure>
        </testcase>
    </testsuite>
    <testsuite name="src/evm/precompiles/ecrecover.bench.ts" tests="1" disabled="0" errors="0" failures="1" package="org.biome">
        <testcase name="org.biome.lint.suspicious.noExplicitAny" line="211" column="41">
            <failure message="Unexpected any. Specify a different type.">line 210, col 40, Unexpected any. Specify a different type.</failure>
        </testcase>
    </testsuite>
    <testsuite name="src/evm/precompiles/identity.bench.ts" tests="1" disabled="0" errors="0" failures="1" package="org.biome">
        <testcase name="org.biome.lint.suspicious.noExplicitAny" line="40" column="64">
            <failure message="Unexpected any. Specify a different type.">line 39, col 63, Unexpected any. Specify a different type.</failure>
        </testcase>
    </testsuite>
    <testsuite name="src/evm/precompiles/identity.bench.ts" tests="1" disabled="0" errors="0" failures="1" package="org.biome">
        <testcase name="org.biome.lint.suspicious.noExplicitAny" line="174" column="40">
            <failure message="Unexpected any. Specify a different type.">line 173, col 39, Unexpected any. Specify a different type.</failure>
        </testcase>
    </testsuite>
    <testsuite name="src/evm/precompiles/identity.bench.ts" tests="1" disabled="0" errors="0" failures="1" package="org.biome">
        <testcase name="org.biome.lint.suspicious.noExplicitAny" line="176" column="17">
            <failure message="Unexpected any. Specify a different type.">line 175, col 16, Unexpected any. Specify a different type.</failure>
        </testcase>
    </testsuite>
    <testsuite name="src/evm/precompiles/identity.bench.ts" tests="1" disabled="0" errors="0" failures="1" package="org.biome">
        <testcase name="org.biome.lint.suspicious.noExplicitAny" line="176" column="41">
            <failure message="Unexpected any. Specify a different type.">line 175, col 40, Unexpected any. Specify a different type.</failure>
        </testcase>
    </testsuite>
    <testsuite name="src/evm/precompiles/modexp.bench.ts" tests="1" disabled="0" errors="0" failures="1" package="org.biome">
        <testcase name="org.biome.lint.suspicious.noExplicitAny" line="210" column="40">
            <failure message="Unexpected any. Specify a different type.">line 209, col 39, Unexpected any. Specify a different type.</failure>
        </testcase>
    </testsuite>
    <testsuite name="src/evm/precompiles/modexp.bench.ts" tests="1" disabled="0" errors="0" failures="1" package="org.biome">
        <testcase name="org.biome.lint.suspicious.noExplicitAny" line="212" column="17">
            <failure message="Unexpected any. Specify a different type.">line 211, col 16, Unexpected any. Specify a different type.</failure>
        </testcase>
    </testsuite>
    <testsuite name="src/evm/precompiles/modexp.bench.ts" tests="1" disabled="0" errors="0" failures="1" package="org.biome">
        <testcase name="org.biome.lint.suspicious.noExplicitAny" line="212" column="41">
            <failure message="Unexpected any. Specify a different type.">line 211, col 40, Unexpected any. Specify a different type.</failure>
        </testcase>
    </testsuite>
    <testsuite name="src/evm/precompiles/ripemd160.bench.ts" tests="1" disabled="0" errors="0" failures="1" package="org.biome">
        <testcase name="org.biome.lint.suspicious.noExplicitAny" line="42" column="64">
            <failure message="Unexpected any. Specify a different type.">line 41, col 63, Unexpected any. Specify a different type.</failure>
        </testcase>
    </testsuite>
    <testsuite name="src/evm/precompiles/ripemd160.bench.ts" tests="1" disabled="0" errors="0" failures="1" package="org.biome">
        <testcase name="org.biome.lint.suspicious.noExplicitAny" line="218" column="40">
            <failure message="Unexpected any. Specify a different type.">line 217, col 39, Unexpected any. Specify a different type.</failure>
        </testcase>
    </testsuite>
    <testsuite name="src/evm/precompiles/ripemd160.bench.ts" tests="1" disabled="0" errors="0" failures="1" package="org.biome">
        <testcase name="org.biome.lint.suspicious.noExplicitAny" line="220" column="17">
            <failure message="Unexpected any. Specify a different type.">line 219, col 16, Unexpected any. Specify a different type.</failure>
        </testcase>
    </testsuite>
    <testsuite name="src/evm/precompiles/ripemd160.bench.ts" tests="1" disabled="0" errors="0" failures="1" package="org.biome">
        <testcase name="org.biome.lint.suspicious.noExplicitAny" line="220" column="41">
            <failure message="Unexpected any. Specify a different type.">line 219, col 40, Unexpected any. Specify a different type.</failure>
        </testcase>
    </testsuite>
    <testsuite name="src/evm/precompiles/sha256.bench.ts" tests="1" disabled="0" errors="0" failures="1" package="org.biome">
        <testcase name="org.biome.lint.suspicious.noExplicitAny" line="42" column="64">
            <failure message="Unexpected any. Specify a different type.">line 41, col 63, Unexpected any. Specify a different type.</failure>
        </testcase>
    </testsuite>
    <testsuite name="src/evm/precompiles/sha256.bench.ts" tests="1" disabled="0" errors="0" failures="1" package="org.biome">
        <testcase name="org.biome.lint.suspicious.noExplicitAny" line="218" column="40">
            <failure message="Unexpected any. Specify a different type.">line 217, col 39, Unexpected any. Specify a different type.</failure>
        </testcase>
    </testsuite>
    <testsuite name="src/evm/precompiles/sha256.bench.ts" tests="1" disabled="0" errors="0" failures="1" package="org.biome">
        <testcase name="org.biome.lint.suspicious.noExplicitAny" line="220" column="17">
            <failure message="Unexpected any. Specify a different type.">line 219, col 16, Unexpected any. Specify a different type.</failure>
        </testcase>
    </testsuite>
    <testsuite name="src/evm/precompiles/sha256.bench.ts" tests="1" disabled="0" errors="0" failures="1" package="org.biome">
        <testcase name="org.biome.lint.suspicious.noExplicitAny" line="220" column="41">
            <failure message="Unexpected any. Specify a different type.">line 219, col 40, Unexpected any. Specify a different type.</failure>
        </testcase>
    </testsuite>
    <testsuite name="src/utils/timeout.ts" tests="1" disabled="0" errors="0" failures="1" package="org.biome">
        <testcase name="org.biome.lint.suspicious.noExplicitAny" line="132" column="47">
            <failure message="Unexpected any. Specify a different type.">line 131, col 46, Unexpected any. Specify a different type.</failure>
        </testcase>
    </testsuite>
    <testsuite name="src/evm/precompiles/precompiles.ts" tests="1" disabled="0" errors="0" failures="1" package="org.biome">
        <testcase name="org.biome.lint.style.noNonNullAssertion" line="923" column="28">
            <failure message="Forbidden non-null assertion.">line 922, col 27, Forbidden non-null assertion.</failure>
        </testcase>
    </testsuite>
    <testsuite name="src/evm/storage/handlers/0x55_SSTORE.js" tests="1" disabled="0" errors="0" failures="1" package="org.biome">
        <testcase name="org.biome.lint.complexity.noExcessiveCognitiveComplexity" line="42" column="17">
            <failure message="Excessive complexity of 32 detected (max: 15).">line 41, col 16, Excessive complexity of 32 detected (max: 15).</failure>
        </testcase>
    </testsuite>
    <testsuite name="src/utils/retryWithBackoff.ts" tests="1" disabled="0" errors="0" failures="1" package="org.biome">
        <testcase name="org.biome.lint.suspicious.noExplicitAny" line="188" column="41">
            <failure message="Unexpected any. Specify a different type.">line 187, col 40, Unexpected any. Specify a different type.</failure>
        </testcase>
    </testsuite>
    <testsuite name="src/evm/system/0xf1_CALL.js" tests="1" disabled="0" errors="0" failures="1" package="org.biome">
        <testcase name="org.biome.lint.complexity.noExcessiveCognitiveComplexity" line="10" column="17">
            <failure message="Excessive complexity of 24 detected (max: 15).">line 9, col 16, Excessive complexity of 24 detected (max: 15).</failure>
        </testcase>
    </testsuite>
    <testsuite name="src/evm/stack/handlers.test.ts" tests="1" disabled="0" errors="0" failures="1" package="org.biome">
        <testcase name="org.biome.lint.suspicious.noExplicitAny" line="26" column="33">
            <failure message="Unexpected any. Specify a different type.">line 25, col 32, Unexpected any. Specify a different type.</failure>
        </testcase>
    </testsuite>
    <testsuite name="src/evm/stack/handlers.test.ts" tests="1" disabled="0" errors="0" failures="1" package="org.biome">
        <testcase name="org.biome.lint.suspicious.noExplicitAny" line="27" column="34">
            <failure message="Unexpected any. Specify a different type.">line 26, col 33, Unexpected any. Specify a different type.</failure>
        </testcase>
    </testsuite>
    <testsuite name="src/utils/retryWithBackoff.test.ts" tests="1" disabled="0" errors="0" failures="1" package="org.biome">
        <testcase name="org.biome.lint.suspicious.noExplicitAny" line="56" column="26">
            <failure message="Unexpected any. Specify a different type.">line 55, col 25, Unexpected any. Specify a different type.</failure>
        </testcase>
    </testsuite>
    <testsuite name="src/evm/system/0xf4_DELEGATECALL.js" tests="1" disabled="0" errors="0" failures="1" package="org.biome">
        <testcase name="org.biome.lint.complexity.noExcessiveCognitiveComplexity" line="11" column="17">
            <failure message="Excessive complexity of 19 detected (max: 15).">line 10, col 16, Excessive complexity of 19 detected (max: 15).</failure>
        </testcase>
    </testsuite>
    <testsuite name="src/evm/system/0xfa_STATICCALL.js" tests="1" disabled="0" errors="0" failures="1" package="org.biome">
        <testcase name="org.biome.lint.complexity.noExcessiveCognitiveComplexity" line="12" column="17">
            <failure message="Excessive complexity of 19 detected (max: 15).">line 11, col 16, Excessive complexity of 19 detected (max: 15).</failure>
        </testcase>
    </testsuite>
    <testsuite name="src/evm/system/0xf2_CALLCODE.js" tests="1" disabled="0" errors="0" failures="1" package="org.biome">
        <testcase name="org.biome.lint.complexity.noExcessiveCognitiveComplexity" line="10" column="17">
            <failure message="Excessive complexity of 22 detected (max: 15).">line 9, col 16, Excessive complexity of 22 detected (max: 15).</failure>
        </testcase>
    </testsuite>
    <testsuite name="src/utils/rateLimit.ts" tests="1" disabled="0" errors="0" failures="1" package="org.biome">
        <testcase name="org.biome.lint.suspicious.noExplicitAny" line="39" column="40">
            <failure message="Unexpected any. Specify a different type.">line 38, col 39, Unexpected any. Specify a different type.</failure>
        </testcase>
    </testsuite>
    <testsuite name="src/utils/rateLimit.ts" tests="1" disabled="0" errors="0" failures="1" package="org.biome">
        <testcase name="org.biome.lint.suspicious.noExplicitAny" line="89" column="40">
            <failure message="Unexpected any. Specify a different type.">line 88, col 39, Unexpected any. Specify a different type.</failure>
        </testcase>
    </testsuite>
    <testsuite name="src/utils/rateLimit.ts" tests="1" disabled="0" errors="0" failures="1" package="org.biome">
        <testcase name="org.biome.lint.suspicious.noExplicitAny" line="149" column="21">
            <failure message="Unexpected any. Specify a different type.">line 148, col 20, Unexpected any. Specify a different type.</failure>
        </testcase>
    </testsuite>
    <testsuite name="src/utils/rateLimit.ts" tests="1" disabled="0" errors="0" failures="1" package="org.biome">
        <testcase name="org.biome.lint.suspicious.noExplicitAny" line="150" column="20">
            <failure message="Unexpected any. Specify a different type.">line 149, col 19, Unexpected any. Specify a different type.</failure>
        </testcase>
    </testsuite>
    <testsuite name="src/utils/rateLimit.ts" tests="1" disabled="0" errors="0" failures="1" package="org.biome">
        <testcase name="org.biome.lint.suspicious.noExplicitAny" line="151" column="19">
            <failure message="Unexpected any. Specify a different type.">line 150, col 18, Unexpected any. Specify a different type.</failure>
        </testcase>
    </testsuite>
    <testsuite name="src/utils/rateLimit.ts" tests="1" disabled="0" errors="0" failures="1" package="org.biome">
        <testcase name="org.biome.lint.suspicious.noExplicitAny" line="245" column="31">
            <failure message="Unexpected any. Specify a different type.">line 244, col 30, Unexpected any. Specify a different type.</failure>
        </testcase>
    </testsuite>
    <testsuite name="src/utils/rateLimit.ts" tests="1" disabled="0" errors="0" failures="1" package="org.biome">
        <testcase name="org.biome.lint.suspicious.noExplicitAny" line="271" column="21">
            <failure message="Unexpected any. Specify a different type.">line 270, col 20, Unexpected any. Specify a different type.</failure>
        </testcase>
    </testsuite>
    <testsuite name="src/evm/system/system.test.ts" tests="1" disabled="0" errors="0" failures="1" package="org.biome">
        <testcase name="org.biome.lint.suspicious.noExplicitAny" line="22" column="33">
            <failure message="Unexpected any. Specify a different type.">line 21, col 32, Unexpected any. Specify a different type.</failure>
        </testcase>
    </testsuite>
    <testsuite name="src/evm/system/system.test.ts" tests="1" disabled="0" errors="0" failures="1" package="org.biome">
        <testcase name="org.biome.lint.suspicious.noExplicitAny" line="23" column="34">
            <failure message="Unexpected any. Specify a different type.">line 22, col 33, Unexpected any. Specify a different type.</failure>
        </testcase>
    </testsuite>
    <testsuite name="src/jsonrpc/JsonRpcError/toString.js" tests="1" disabled="0" errors="0" failures="1" package="org.biome">
        <testcase name="org.biome.lint.suspicious.noShadowRestrictedNames" line="13" column="17">
            <failure message="Do not shadow the global &quot;toString&quot; property.">line 12, col 16, Do not shadow the global &quot;toString&quot; property.</failure>
        </testcase>
    </testsuite>
    <testsuite name="src/jsonrpc/JsonRpcError/index.ts" tests="1" disabled="0" errors="0" failures="1" package="org.biome">
        <testcase name="org.biome.lint.suspicious.noShadowRestrictedNames" line="30" column="17">
            <failure message="Do not shadow the global &quot;toString&quot; property.">line 29, col 16, Do not shadow the global &quot;toString&quot; property.</failure>
        </testcase>
    </testsuite>
    <testsuite name="src/jsonrpc/JsonRpcId/toString.js" tests="1" disabled="0" errors="0" failures="1" package="org.biome">
        <testcase name="org.biome.lint.suspicious.noShadowRestrictedNames" line="14" column="17">
            <failure message="Do not shadow the global &quot;toString&quot; property.">line 13, col 16, Do not shadow the global &quot;toString&quot; property.</failure>
        </testcase>
    </testsuite>
    <testsuite name="src/jsonrpc/JsonRpcId/index.ts" tests="1" disabled="0" errors="0" failures="1" package="org.biome">
        <testcase name="org.biome.lint.suspicious.noShadowRestrictedNames" line="18" column="17">
            <failure message="Do not shadow the global &quot;toString&quot; property.">line 17, col 16, Do not shadow the global &quot;toString&quot; property.</failure>
        </testcase>
    </testsuite>
    <testsuite name="src/jsonrpc/JsonRpcId/JsonRpcId.test.ts" tests="1" disabled="0" errors="0" failures="1" package="org.biome">
        <testcase name="org.biome.lint.suspicious.noShadowRestrictedNames" line="2" column="35">
            <failure message="Do not shadow the global &quot;toString&quot; property.">line 1, col 34, Do not shadow the global &quot;toString&quot; property.</failure>
        </testcase>
    </testsuite>
    <testsuite name="src/jsonrpc/JsonRpcError/JsonRpcError.test.ts" tests="1" disabled="0" errors="0" failures="1" package="org.biome">
        <testcase name="org.biome.lint.suspicious.noShadowRestrictedNames" line="17" column="2">
            <failure message="Do not shadow the global &quot;toString&quot; property.">line 16, col 1, Do not shadow the global &quot;toString&quot; property.</failure>
        </testcase>
    </testsuite>
    <testsuite name="src/jsonrpc/JsonRpcResponse/JsonRpcResponse.test.ts" tests="1" disabled="0" errors="0" failures="1" package="org.biome">
        <testcase name="org.biome.lint.suspicious.noExplicitAny" line="252" column="18">
            <failure message="Unexpected any. Specify a different type.">line 251, col 17, Unexpected any. Specify a different type.</failure>
        </testcase>
    </testsuite>
    <testsuite name="src/jsonrpc/JsonRpcResponse/JsonRpcResponse.test.ts" tests="1" disabled="0" errors="0" failures="1" package="org.biome">
        <testcase name="org.biome.lint.suspicious.noExplicitAny" line="266" column="18">
            <failure message="Unexpected any. Specify a different type.">line 265, col 17, Unexpected any. Specify a different type.</failure>
        </testcase>
    </testsuite>
    <testsuite name="src/integration/cross-module.test.ts" tests="1" disabled="0" errors="0" failures="1" package="org.biome">
        <testcase name="org.biome.lint.style.noNonNullAssertion" line="1024" column="43">
            <failure message="Forbidden non-null assertion.">line 1023, col 42, Forbidden non-null assertion.</failure>
        </testcase>
    </testsuite>
    <testsuite name="src/integration/cross-module.test.ts" tests="1" disabled="0" errors="0" failures="1" package="org.biome">
        <testcase name="org.biome.lint.style.noNonNullAssertion" line="1040" column="39">
            <failure message="Forbidden non-null assertion.">line 1039, col 38, Forbidden non-null assertion.</failure>
        </testcase>
    </testsuite>
    <testsuite name="src/integration/cross-module.test.ts" tests="1" disabled="0" errors="0" failures="1" package="org.biome">
        <testcase name="org.biome.lint.style.noNonNullAssertion" line="1043" column="48">
            <failure message="Forbidden non-null assertion.">line 1042, col 47, Forbidden non-null assertion.</failure>
        </testcase>
    </testsuite>
    <testsuite name="src/utils/poll.ts" tests="1" disabled="0" errors="0" failures="1" package="org.biome">
        <testcase name="org.biome.lint.suspicious.noExplicitAny" line="17" column="19">
            <failure message="Unexpected any. Specify a different type.">line 16, col 18, Unexpected any. Specify a different type.</failure>
        </testcase>
    </testsuite>
    <testsuite name="src/integration/e2e-workflows.test.ts" tests="1" disabled="0" errors="0" failures="1" package="org.biome">
        <testcase name="org.biome.lint.suspicious.noExplicitAny" line="42" column="34">
            <failure message="Unexpected any. Specify a different type.">line 41, col 33, Unexpected any. Specify a different type.</failure>
        </testcase>
    </testsuite>
    <testsuite name="src/integration/e2e-workflows.test.ts" tests="1" disabled="0" errors="0" failures="1" package="org.biome">
        <testcase name="org.biome.lint.suspicious.noExplicitAny" line="44" column="16">
            <failure message="Unexpected any. Specify a different type.">line 43, col 15, Unexpected any. Specify a different type.</failure>
        </testcase>
    </testsuite>
    <testsuite name="src/integration/e2e-workflows.test.ts" tests="1" disabled="0" errors="0" failures="1" package="org.biome">
        <testcase name="org.biome.lint.suspicious.noExplicitAny" line="62" column="40">
            <failure message="Unexpected any. Specify a different type.">line 61, col 39, Unexpected any. Specify a different type.</failure>
        </testcase>
    </testsuite>
    <testsuite name="src/integration/e2e-workflows.test.ts" tests="1" disabled="0" errors="0" failures="1" package="org.biome">
        <testcase name="org.biome.lint.suspicious.noExplicitAny" line="62" column="56">
            <failure message="Unexpected any. Specify a different type.">line 61, col 55, Unexpected any. Specify a different type.</failure>
        </testcase>
    </testsuite>
    <testsuite name="src/integration/e2e-workflows.test.ts" tests="1" disabled="0" errors="0" failures="1" package="org.biome">
        <testcase name="org.biome.lint.suspicious.noExplicitAny" line="141" column="33">
            <failure message="Unexpected any. Specify a different type.">line 140, col 32, Unexpected any. Specify a different type.</failure>
        </testcase>
    </testsuite>
    <testsuite name="src/integration/e2e-workflows.test.ts" tests="1" disabled="0" errors="0" failures="1" package="org.biome">
        <testcase name="org.biome.lint.suspicious.noExplicitAny" line="154" column="15">
            <failure message="Unexpected any. Specify a different type.">line 153, col 14, Unexpected any. Specify a different type.</failure>
[...]
        </testcase>
    </testsuite>
    <testsuite name="src/primitives/Transaction/serialize.ts" tests="1" disabled="0" errors="0" failures="1" package="org.biome">
        <testcase name="org.biome.lint.suspicious.noExplicitAny" line="31" column="37">
            <failure message="Unexpected any. Specify a different type.">line 30, col 36, Unexpected any. Specify a different type.</failure>
        </testcase>
    </testsuite>
    <testsuite name="src/primitives/Transaction/serialize.ts" tests="1" disabled="0" errors="0" failures="1" package="org.biome">
        <testcase name="org.biome.lint.suspicious.noExplicitAny" line="33" column="37">
            <failure message="Unexpected any. Specify a different type.">line 32, col 36, Unexpected any. Specify a different type.</failure>
        </testcase>
    </testsuite>
    <testsuite name="src/primitives/Transaction/serialize.ts" tests="1" disabled="0" errors="0" failures="1" package="org.biome">
        <testcase name="org.biome.lint.suspicious.noExplicitAny" line="36" column="43">
            <failure message="Unexpected any. Specify a different type.">line 35, col 42, Unexpected any. Specify a different type.</failure>
        </testcase>
    </testsuite>
    <testsuite name="src/primitives/Transaction/serialize.ts" tests="1" disabled="0" errors="0" failures="1" package="org.biome">
        <testcase name="org.biome.lint.suspicious.noExplicitAny" line="39" column="32">
            <failure message="Unexpected any. Specify a different type.">line 38, col 31, Unexpected any. Specify a different type.</failure>
        </testcase>
    </testsuite>
    <testsuite name="src/primitives/Transaction/typeGuards.ts" tests="1" disabled="0" errors="0" failures="1" package="org.biome">
        <testcase name="org.biome.lint.style.noNonNullAssertion" line="66" column="20">
            <failure message="Forbidden non-null assertion.">line 65, col 19, Forbidden non-null assertion.</failure>
        </testcase>
    </testsuite>
    <testsuite name="src/primitives/Transaction/toRpc.js" tests="1" disabled="0" errors="0" failures="1" package="org.biome">
        <testcase name="org.biome.lint.style.useTemplate" line="10" column="3">
            <failure message="Template literals are preferred over string concatenation.">line 9, col 2, Template literals are preferred over string concatenation.</failure>
        </testcase>
    </testsuite>
    <testsuite name="src/primitives/Transaction/verifySignature.ts" tests="1" disabled="0" errors="0" failures="1" package="org.biome">
        <testcase name="org.biome.lint.suspicious.noExplicitAny" line="45" column="43">
            <failure message="Unexpected any. Specify a different type.">line 44, col 42, Unexpected any. Specify a different type.</failure>
        </testcase>
    </testsuite>
    <testsuite name="src/primitives/Transaction/verifySignature.ts" tests="1" disabled="0" errors="0" failures="1" package="org.biome">
        <testcase name="org.biome.lint.suspicious.noExplicitAny" line="48" column="32">
            <failure message="Unexpected any. Specify a different type.">line 47, col 31, Unexpected any. Specify a different type.</failure>
        </testcase>
    </testsuite>
    <testsuite name="src/primitives/Transaction/utils.ts" tests="1" disabled="0" errors="0" failures="1" package="org.biome">
        <testcase name="org.biome.lint.style.noNonNullAssertion" line="84" column="36">
            <failure message="Forbidden non-null assertion.">line 83, col 35, Forbidden non-null assertion.</failure>
        </testcase>
    </testsuite>
    <testsuite name="src/primitives/Transaction/utils.ts" tests="1" disabled="0" errors="0" failures="1" package="org.biome">
        <testcase name="org.biome.lint.style.noNonNullAssertion" line="110" column="26">
            <failure message="Forbidden non-null assertion.">line 109, col 25, Forbidden non-null assertion.</failure>
        </testcase>
    </testsuite>
    <testsuite name="src/primitives/Transaction/utils.ts" tests="1" disabled="0" errors="0" failures="1" package="org.biome">
        <testcase name="org.biome.lint.style.noNonNullAssertion" line="111" column="26">
            <failure message="Forbidden non-null assertion.">line 110, col 25, Forbidden non-null assertion.</failure>
        </testcase>
    </testsuite>
    <testsuite name="src/primitives/Transaction/utils.ts" tests="1" disabled="0" errors="0" failures="1" package="org.biome">
        <testcase name="org.biome.lint.style.noNonNullAssertion" line="295" column="13">
            <failure message="Forbidden non-null assertion.">line 294, col 12, Forbidden non-null assertion.</failure>
        </testcase>
    </testsuite>
    <testsuite name="src/primitives/Transaction/utils.ts" tests="1" disabled="0" errors="0" failures="1" package="org.biome">
        <testcase name="org.biome.lint.style.noParameterAssign" line="29" column="3">
            <failure message="Reassigning a function parameter is confusing.">line 28, col 2, Reassigning a function parameter is confusing.</failure>
        </testcase>
    </testsuite>
    <testsuite name="src/primitives/TransactionHash/TransactionHash.test.ts" tests="1" disabled="0" errors="0" failures="1" package="org.biome">
        <testcase name="org.biome.lint.suspicious.noExplicitAny" line="25" column="45">
            <failure message="Unexpected any. Specify a different type.">line 24, col 44, Unexpected any. Specify a different type.</failure>
        </testcase>
    </testsuite>
    <testsuite name="src/primitives/TransactionIndex/TransactionIndex.test.ts" tests="1" disabled="0" errors="0" failures="1" package="org.biome">
        <testcase name="org.biome.lint.suspicious.noExplicitAny" line="30" column="47">
            <failure message="Unexpected any. Specify a different type.">line 29, col 46, Unexpected any. Specify a different type.</failure>
        </testcase>
    </testsuite>
    <testsuite name="src/primitives/Uint64/index.ts" tests="1" disabled="0" errors="0" failures="1" package="org.biome">
        <testcase name="org.biome.lint.suspicious.noShadowRestrictedNames" line="39" column="10">
            <failure message="Do not shadow the global &quot;toString&quot; property.">line 38, col 9, Do not shadow the global &quot;toString&quot; property.</failure>
        </testcase>
    </testsuite>
    <testsuite name="src/primitives/Transaction/rpc.test.ts" tests="1" disabled="0" errors="0" failures="1" package="org.biome">
        <testcase name="org.biome.lint.style.useTemplate" line="93" column="9">
            <failure message="Template literals are preferred over string concatenation.">line 92, col 8, Template literals are preferred over string concatenation.</failure>
        </testcase>
    </testsuite>
    <testsuite name="src/primitives/Transaction/rpc.test.ts" tests="1" disabled="0" errors="0" failures="1" package="org.biome">
        <testcase name="org.biome.lint.style.useTemplate" line="97" column="8">
            <failure message="Template literals are preferred over string concatenation.">line 96, col 7, Template literals are preferred over string concatenation.</failure>
        </testcase>
    </testsuite>
    <testsuite name="src/primitives/Transaction/rpc.test.ts" tests="1" disabled="0" errors="0" failures="1" package="org.biome">
        <testcase name="org.biome.lint.style.useTemplate" line="98" column="8">
            <failure message="Template literals are preferred over string concatenation.">line 97, col 7, Template literals are preferred over string concatenation.</failure>
        </testcase>
    </testsuite>
    <testsuite name="src/primitives/Transaction/rpc.test.ts" tests="1" disabled="0" errors="0" failures="1" package="org.biome">
        <testcase name="org.biome.lint.style.useTemplate" line="118" column="9">
            <failure message="Template literals are preferred over string concatenation.">line 117, col 8, Template literals are preferred over string concatenation.</failure>
        </testcase>
    </testsuite>
    <testsuite name="src/primitives/Transaction/rpc.test.ts" tests="1" disabled="0" errors="0" failures="1" package="org.biome">
        <testcase name="org.biome.lint.style.useTemplate" line="123" column="8">
            <failure message="Template literals are preferred over string concatenation.">line 122, col 7, Template literals are preferred over string concatenation.</failure>
        </testcase>
    </testsuite>
    <testsuite name="src/primitives/Transaction/rpc.test.ts" tests="1" disabled="0" errors="0" failures="1" package="org.biome">
        <testcase name="org.biome.lint.style.useTemplate" line="124" column="8">
            <failure message="Template literals are preferred over string concatenation.">line 123, col 7, Template literals are preferred over string concatenation.</failure>
        </testcase>
    </testsuite>
    <testsuite name="src/primitives/TypedData/index.ts" tests="1" disabled="0" errors="0" failures="1" package="org.biome">
        <testcase name="org.biome.lint.correctness.noVoidTypeReturn" line="57" column="2">
            <failure message="The function should not return a value because its return type is void.">line 56, col 1, The function should not return a value because its return type is void.</failure>
        </testcase>
    </testsuite>
    <testsuite name="src/primitives/TypedData/validate.js" tests="1" disabled="0" errors="0" failures="1" package="org.biome">
        <testcase name="org.biome.lint.complexity.noExcessiveCognitiveComplexity" line="13" column="17">
            <failure message="Excessive complexity of 22 detected (max: 15).">line 12, col 16, Excessive complexity of 22 detected (max: 15).</failure>
        </testcase>
    </testsuite>
    <testsuite name="src/primitives/Uint/UintConstructor.ts" tests="1" disabled="0" errors="0" failures="1" package="org.biome">
        <testcase name="org.biome.lint.suspicious.noShadowRestrictedNames" line="32" column="15">
            <failure message="Do not shadow the global &quot;toString&quot; property.">line 31, col 14, Do not shadow the global &quot;toString&quot; property.</failure>
        </testcase>
    </testsuite>
    <testsuite name="src/primitives/Uint/Uint-wasm.bench.ts" tests="1" disabled="0" errors="0" failures="1" package="org.biome">
        <testcase name="org.biome.lint.suspicious.noExplicitAny" line="327" column="40">
            <failure message="Unexpected any. Specify a different type.">line 326, col 39, Unexpected any. Specify a different type.</failure>
        </testcase>
    </testsuite>
    <testsuite name="src/primitives/Uint/Uint-wasm.bench.ts" tests="1" disabled="0" errors="0" failures="1" package="org.biome">
        <testcase name="org.biome.lint.suspicious.noExplicitAny" line="329" column="17">
            <failure message="Unexpected any. Specify a different type.">line 328, col 16, Unexpected any. Specify a different type.</failure>
        </testcase>
    </testsuite>
    <testsuite name="src/primitives/Uint/Uint-wasm.bench.ts" tests="1" disabled="0" errors="0" failures="1" package="org.biome">
        <testcase name="org.biome.lint.suspicious.noExplicitAny" line="329" column="41">
            <failure message="Unexpected any. Specify a different type.">line 328, col 40, Unexpected any. Specify a different type.</failure>
        </testcase>
    </testsuite>
    <testsuite name="src/primitives/Uint/Uint.js" tests="1" disabled="0" errors="0" failures="1" package="org.biome">
        <testcase name="org.biome.lint.suspicious.noShadowRestrictedNames" line="43" column="10">
            <failure message="Do not shadow the global &quot;toString&quot; property.">line 42, col 9, Do not shadow the global &quot;toString&quot; property.</failure>
        </testcase>
    </testsuite>
    <testsuite name="src/primitives/Uint/effect.test.ts" tests="1" disabled="0" errors="0" failures="1" package="org.biome">
        <testcase name="org.biome.lint.suspicious.noExplicitAny" line="26" column="51">
            <failure message="Unexpected any. Specify a different type.">line 25, col 50, Unexpected any. Specify a different type.</failure>
        </testcase>
    </testsuite>
    <testsuite name="src/primitives/Uint/effect.test.ts" tests="1" disabled="0" errors="0" failures="1" package="org.biome">
        <testcase name="org.biome.lint.suspicious.noExplicitAny" line="37" column="37">
            <failure message="Unexpected any. Specify a different type.">line 36, col 36, Unexpected any. Specify a different type.</failure>
        </testcase>
    </testsuite>
    <testsuite name="src/primitives/Uint/effect.test.ts" tests="1" disabled="0" errors="0" failures="1" package="org.biome">
        <testcase name="org.biome.lint.suspicious.noExplicitAny" line="76" column="51">
            <failure message="Unexpected any. Specify a different type.">line 75, col 50, Unexpected any. Specify a different type.</failure>
        </testcase>
    </testsuite>
    <testsuite name="src/primitives/Uint/effect.ts" tests="1" disabled="0" errors="0" failures="1" package="org.biome">
        <testcase name="org.biome.lint.suspicious.noExplicitAny" line="52" column="30">
            <failure message="Unexpected any. Specify a different type.">line 51, col 29, Unexpected any. Specify a different type.</failure>
        </testcase>
    </testsuite>
    <testsuite name="src/primitives/Uint/effect.ts" tests="1" disabled="0" errors="0" failures="1" package="org.biome">
        <testcase name="org.biome.lint.suspicious.noExplicitAny" line="135" column="41">
            <failure message="Unexpected any. Specify a different type.">line 134, col 40, Unexpected any. Specify a different type.</failure>
        </testcase>
    </testsuite>
    <testsuite name="src/primitives/Uint/index.ts" tests="1" disabled="0" errors="0" failures="1" package="org.biome">
        <testcase name="org.biome.lint.suspicious.noShadowRestrictedNames" line="101" column="10">
            <failure message="Do not shadow the global &quot;toString&quot; property.">line 100, col 9, Do not shadow the global &quot;toString&quot; property.</failure>
        </testcase>
    </testsuite>
    <testsuite name="src/primitives/Uint/Uint256.wasm.test.ts" tests="1" disabled="0" errors="0" failures="1" package="org.biome">
        <testcase name="org.biome.lint.suspicious.noExplicitAny" line="615" column="19">
            <failure message="Unexpected any. Specify a different type.">line 614, col 18, Unexpected any. Specify a different type.</failure>
        </testcase>
    </testsuite>
    <testsuite name="src/primitives/Uint/edgecases.test.ts" tests="1" disabled="0" errors="0" failures="1" package="org.biome">
        <testcase name="org.biome.lint.style.noNonNullAssertion" line="256" column="15">
            <failure message="Forbidden non-null assertion.">line 255, col 14, Forbidden non-null assertion.</failure>
        </testcase>
    </testsuite>
    <testsuite name="src/primitives/Uint/edgecases.test.ts" tests="1" disabled="0" errors="0" failures="1" package="org.biome">
        <testcase name="org.biome.lint.style.noNonNullAssertion" line="257" column="15">
            <failure message="Forbidden non-null assertion.">line 256, col 14, Forbidden non-null assertion.</failure>
        </testcase>
    </testsuite>
    <testsuite name="src/primitives/Uint/toString.ts" tests="1" disabled="0" errors="0" failures="1" package="org.biome">
        <testcase name="org.biome.lint.suspicious.noShadowRestrictedNames" line="18" column="17">
            <failure message="Do not shadow the global &quot;toString&quot; property.">line 17, col 16, Do not shadow the global &quot;toString&quot; property.</failure>
        </testcase>
    </testsuite>
    <testsuite name="src/primitives/Uint/toString.js" tests="1" disabled="0" errors="0" failures="1" package="org.biome">
        <testcase name="org.biome.lint.suspicious.noShadowRestrictedNames" line="18" column="17">
            <failure message="Do not shadow the global &quot;toString&quot; property.">line 17, col 16, Do not shadow the global &quot;toString&quot; property.</failure>
        </testcase>
    </testsuite>
    <testsuite name="src/primitives/Uint/toString.test.ts" tests="1" disabled="0" errors="0" failures="1" package="org.biome">
        <testcase name="org.biome.lint.suspicious.noShadowRestrictedNames" line="4" column="10">
            <failure message="Do not shadow the global &quot;toString&quot; property.">line 3, col 9, Do not shadow the global &quot;toString&quot; property.</failure>
        </testcase>
    </testsuite>
    <testsuite name="src/primitives/Uint128/index.ts" tests="1" disabled="0" errors="0" failures="1" package="org.biome">
        <testcase name="org.biome.lint.suspicious.noShadowRestrictedNames" line="71" column="14">
            <failure message="Do not shadow the global &quot;toString&quot; property.">line 70, col 13, Do not shadow the global &quot;toString&quot; property.</failure>
        </testcase>
    </testsuite>
    <testsuite name="src/primitives/Uint128/toString.js" tests="1" disabled="0" errors="0" failures="1" package="org.biome">
        <testcase name="org.biome.lint.suspicious.noShadowRestrictedNames" line="16" column="17">
            <failure message="Do not shadow the global &quot;toString&quot; property.">line 15, col 16, Do not shadow the global &quot;toString&quot; property.</failure>
        </testcase>
    </testsuite>
    <testsuite name="src/primitives/Uint16/index.ts" tests="1" disabled="0" errors="0" failures="1" package="org.biome">
        <testcase name="org.biome.lint.suspicious.noShadowRestrictedNames" line="35" column="10">
            <failure message="Do not shadow the global &quot;toString&quot; property.">line 34, col 9, Do not shadow the global &quot;toString&quot; property.</failure>
        </testcase>
    </testsuite>
    <testsuite name="src/primitives/Uint16/toString.js" tests="1" disabled="0" errors="0" failures="1" package="org.biome">
        <testcase name="org.biome.lint.suspicious.noShadowRestrictedNames" line="16" column="17">
            <failure message="Do not shadow the global &quot;toString&quot; property.">line 15, col 16, Do not shadow the global &quot;toString&quot; property.</failure>
        </testcase>
    </testsuite>
    <testsuite name="src/primitives/Uint32/toString.js" tests="1" disabled="0" errors="0" failures="1" package="org.biome">
        <testcase name="org.biome.lint.suspicious.noShadowRestrictedNames" line="16" column="17">
            <failure message="Do not shadow the global &quot;toString&quot; property.">line 15, col 16, Do not shadow the global &quot;toString&quot; property.</failure>
        </testcase>
    </testsuite>
    <testsuite name="src/primitives/Uint32/index.ts" tests="1" disabled="0" errors="0" failures="1" package="org.biome">
        <testcase name="org.biome.lint.suspicious.noShadowRestrictedNames" line="39" column="10">
            <failure message="Do not shadow the global &quot;toString&quot; property.">line 38, col 9, Do not shadow the global &quot;toString&quot; property.</failure>
        </testcase>
    </testsuite>
    <testsuite name="src/primitives/Uint32/Uint32.test.ts" tests="1" disabled="0" errors="0" failures="1" package="org.biome">
        <testcase name="org.biome.lint.suspicious.noExplicitAny" line="133" column="38">
            <failure message="Unexpected any. Specify a different type.">line 132, col 37, Unexpected any. Specify a different type.</failure>
        </testcase>
    </testsuite>
    <testsuite name="src/primitives/Uint64/Uint64.test.ts" tests="1" disabled="0" errors="0" failures="1" package="org.biome">
        <testcase name="org.biome.lint.suspicious.noExplicitAny" line="150" column="38">
            <failure message="Unexpected any. Specify a different type.">line 149, col 37, Unexpected any. Specify a different type.</failure>
        </testcase>
    </testsuite>
</testsuites>

